<?xml version="1.0" encoding="UTF-8"?>
<!-- Generated by org.testng.reporters.JUnitReportReporter -->
<testsuite hostname="DESKTOP-6CU12GD" failures="0" tests="4" name="cucumberOptions.TestNGTestRunner" time="56.061" errors="0" timestamp="2023-12-07T11:48:13 IST" skipped="0">
  <testcase classname="cucumberOptions.TestNGTestRunner" name="runScenario" time="15.968"/>
  <system-out/>
  <testcase classname="cucumberOptions.TestNGTestRunner" name="runScenario" time="13.386"/>
  <system-out/>
  <testcase classname="cucumberOptions.TestNGTestRunner" name="runScenario" time="13.542"/>
  <system-out/>
  <testcase classname="cucumberOptions.TestNGTestRunner" name="runScenario" time="13.165"/>
  <system-out/>
</testsuite> <!-- cucumberOptions.TestNGTestRunner -->
